<?xml version="1.0" encoding="UTF-8"?>
<!-- Generated by org.testng.reporters.JUnitReportReporter -->
<testsuite hostname="LAPTOP-IO7O6G3K" failures="0" tests="1" name="test.AddToCartTest" time="7.736" errors="0" timestamp="2024-01-05T21:50:11 IST" skipped="0">
  <testcase classname="test.AddToCartTest" name="verifyIfUserIsAbleToAddProductToCartFromProductDescriptionPage" time="7.736"/>
</testsuite> <!-- test.AddToCartTest -->
