<?xml version="1.0" encoding="UTF-8"?>
<!-- Generated by org.testng.reporters.JUnitReportReporter -->
<testsuite hostname="LAPTOP-IO7O6G3K" failures="0" tests="2" name="test.ProductSearchTest" time="7.897" errors="0" timestamp="2024-01-03T21:25:36 IST" skipped="0">
  <testcase classname="test.ProductSearchTest" name="verifyIfProdutsAreNotDisplayedOnInvalidSearch" time="5.050"/>
  <testcase classname="test.ProductSearchTest" name="verifyIfProdutsAreDisplayedOnValidSearch" time="2.847"/>
</testsuite> <!-- test.ProductSearchTest -->
